<?xml version="1.0" encoding="UTF-8"?>
<Site BuildName="Darwin-c++"
	BuildStamp="20190114-1036-Experimental"
	Name="bogon"
	Generator="ctest-3.12.4"
	CompilerName="/Applications/Xcode.app/Contents/Developer/Toolchains/XcodeDefault.xctoolchain/usr/bin/c++"
	CompilerVersion="10.0.0.10001145"
	OSName="Mac OS X"
	Hostname="bogon"
	OSRelease="10.14.2"
	OSVersion="18C54"
	OSPlatform="x86_64"
	Is64Bits="1"
	VendorString="GenuineIntel"
	VendorID="Intel Corporation"
	FamilyID="6"
	ModelID="70"
	ProcessorCacheSize="32768"
	NumberOfLogicalCPU="8"
	NumberOfPhysicalCPU="4"
	TotalVirtualMemory="7168"
	TotalPhysicalMemory="16384"
	LogicalProcessorsPerPhysical="8"
	ProcessorClockFrequency="2200"
	>
	<Testing>
		<StartDateTime>Jan 14 18:36 CST</StartDateTime>
		<StartTestTime>1547462197</StartTestTime>
		<TestList>
			<Test>./add1_2</Test>
			<Test>./add0_0</Test>
			<Test>./add1_-1</Test>
			<Test>./add1_-11</Test>
			<Test>./add2_2</Test>
			<Test>./add11_-1</Test>
		</TestList>
		<Test Status="passed">
			<Name>add1_2</Name>
			<Path>.</Path>
			<FullName>./add1_2</FullName>
			<FullCommandLine>/Users/rubin/practice/cmake/section12/build/add "1" "2"</FullCommandLine>
			<Results>
				<NamedMeasurement type="numeric/double" name="Execution Time">
					<Value>0.00435969</Value>
				</NamedMeasurement>
				<NamedMeasurement type="text/string" name="Pass Reason">
					<Value>Required regular expression found.Regex=[1 and 2 is 3
]</Value>
				</NamedMeasurement>
				<NamedMeasurement type="numeric/double" name="Processors">
					<Value>1</Value>
				</NamedMeasurement>
				<NamedMeasurement type="text/string" name="Completion Status">
					<Value>Completed</Value>
				</NamedMeasurement>
				<NamedMeasurement type="text/string" name="Command Line">
					<Value>/Users/rubin/practice/cmake/section12/build/add "1" "2"</Value>
				</NamedMeasurement>
				<Measurement>
					<Value>系统提供函数pow() 
1 and 2 is 3
</Value>
				</Measurement>
			</Results>
		</Test>
		<Test Status="passed">
			<Name>add0_0</Name>
			<Path>.</Path>
			<FullName>./add0_0</FullName>
			<FullCommandLine>/Users/rubin/practice/cmake/section12/build/add "0" "0"</FullCommandLine>
			<Results>
				<NamedMeasurement type="numeric/double" name="Execution Time">
					<Value>0.00399438</Value>
				</NamedMeasurement>
				<NamedMeasurement type="text/string" name="Pass Reason">
					<Value>Required regular expression found.Regex=[0 is 0
]</Value>
				</NamedMeasurement>
				<NamedMeasurement type="numeric/double" name="Processors">
					<Value>1</Value>
				</NamedMeasurement>
				<NamedMeasurement type="text/string" name="Completion Status">
					<Value>Completed</Value>
				</NamedMeasurement>
				<NamedMeasurement type="text/string" name="Command Line">
					<Value>/Users/rubin/practice/cmake/section12/build/add "0" "0"</Value>
				</NamedMeasurement>
				<Measurement>
					<Value>系统提供函数pow() 
0 and 0 is 0
</Value>
				</Measurement>
			</Results>
		</Test>
		<Test Status="passed">
			<Name>add1_-1</Name>
			<Path>.</Path>
			<FullName>./add1_-1</FullName>
			<FullCommandLine>/Users/rubin/practice/cmake/section12/build/add "1" "-1"</FullCommandLine>
			<Results>
				<NamedMeasurement type="numeric/double" name="Execution Time">
					<Value>0.00366354</Value>
				</NamedMeasurement>
				<NamedMeasurement type="text/string" name="Pass Reason">
					<Value>Required regular expression found.Regex=[is 0
]</Value>
				</NamedMeasurement>
				<NamedMeasurement type="numeric/double" name="Processors">
					<Value>1</Value>
				</NamedMeasurement>
				<NamedMeasurement type="text/string" name="Completion Status">
					<Value>Completed</Value>
				</NamedMeasurement>
				<NamedMeasurement type="text/string" name="Command Line">
					<Value>/Users/rubin/practice/cmake/section12/build/add "1" "-1"</Value>
				</NamedMeasurement>
				<Measurement>
					<Value>系统提供函数pow() 
1 and -1 is 0
</Value>
				</Measurement>
			</Results>
		</Test>
		<Test Status="passed">
			<Name>add1_-11</Name>
			<Path>.</Path>
			<FullName>./add1_-11</FullName>
			<FullCommandLine>/Users/rubin/practice/cmake/section12/build/add "1" "-11"</FullCommandLine>
			<Results>
				<NamedMeasurement type="numeric/double" name="Execution Time">
					<Value>0.00381677</Value>
				</NamedMeasurement>
				<NamedMeasurement type="text/string" name="Pass Reason">
					<Value>Required regular expression found.Regex=[1 and -11 is -10
]</Value>
				</NamedMeasurement>
				<NamedMeasurement type="numeric/double" name="Processors">
					<Value>1</Value>
				</NamedMeasurement>
				<NamedMeasurement type="text/string" name="Completion Status">
					<Value>Completed</Value>
				</NamedMeasurement>
				<NamedMeasurement type="text/string" name="Command Line">
					<Value>/Users/rubin/practice/cmake/section12/build/add "1" "-11"</Value>
				</NamedMeasurement>
				<Measurement>
					<Value>系统提供函数pow() 
1 and -11 is -10
</Value>
				</Measurement>
			</Results>
		</Test>
		<Test Status="passed">
			<Name>add2_2</Name>
			<Path>.</Path>
			<FullName>./add2_2</FullName>
			<FullCommandLine>/Users/rubin/practice/cmake/section12/build/add "2" "2"</FullCommandLine>
			<Results>
				<NamedMeasurement type="numeric/double" name="Execution Time">
					<Value>0.00501578</Value>
				</NamedMeasurement>
				<NamedMeasurement type="text/string" name="Pass Reason">
					<Value>Required regular expression found.Regex=[2 and 2 is 4
]</Value>
				</NamedMeasurement>
				<NamedMeasurement type="numeric/double" name="Processors">
					<Value>1</Value>
				</NamedMeasurement>
				<NamedMeasurement type="text/string" name="Completion Status">
					<Value>Completed</Value>
				</NamedMeasurement>
				<NamedMeasurement type="text/string" name="Command Line">
					<Value>/Users/rubin/practice/cmake/section12/build/add "2" "2"</Value>
				</NamedMeasurement>
				<Measurement>
					<Value>系统提供函数pow() 
2 and 2 is 4
</Value>
				</Measurement>
			</Results>
		</Test>
		<Test Status="passed">
			<Name>add11_-1</Name>
			<Path>.</Path>
			<FullName>./add11_-1</FullName>
			<FullCommandLine>/Users/rubin/practice/cmake/section12/build/add "11" "-1"</FullCommandLine>
			<Results>
				<NamedMeasurement type="numeric/double" name="Execution Time">
					<Value>0.00474754</Value>
				</NamedMeasurement>
				<NamedMeasurement type="text/string" name="Pass Reason">
					<Value>Required regular expression found.Regex=[is 10
]</Value>
				</NamedMeasurement>
				<NamedMeasurement type="numeric/double" name="Processors">
					<Value>1</Value>
				</NamedMeasurement>
				<NamedMeasurement type="text/string" name="Completion Status">
					<Value>Completed</Value>
				</NamedMeasurement>
				<NamedMeasurement type="text/string" name="Command Line">
					<Value>/Users/rubin/practice/cmake/section12/build/add "11" "-1"</Value>
				</NamedMeasurement>
				<Measurement>
					<Value>系统提供函数pow() 
11 and -1 is 10
</Value>
				</Measurement>
			</Results>
		</Test>
		<EndDateTime>Jan 14 18:36 CST</EndDateTime>
		<EndTestTime>1547462197</EndTestTime>
		<ElapsedMinutes>0</ElapsedMinutes>
	</Testing>
</Site>
