Start testing: Jan 09 18:00 CST
----------------------------------------------------------
1/4 Testing: add1_2
1/4 Test: add1_2
Command: "/Users/rubin/practice/cmake/section8/build/add" "1" "2"
Directory: /Users/rubin/practice/cmake/section8/build
"add1_2" start time: Jan 09 18:00 CST
Output:
----------------------------------------------------------
1 and 2 is 3
<end of output>
Test time =   0.00 sec
----------------------------------------------------------
Test Pass Reason:
Required regular expression found.Regex=[1 and 2 is 3
]
"add1_2" end time: Jan 09 18:00 CST
"add1_2" time elapsed: 00:00:00
----------------------------------------------------------

2/4 Testing: add0_0
2/4 Test: add0_0
Command: "/Users/rubin/practice/cmake/section8/build/add" "0" "0"
Directory: /Users/rubin/practice/cmake/section8/build
"add0_0" start time: Jan 09 18:00 CST
Output:
----------------------------------------------------------
0 and 0 is 0
<end of output>
Test time =   0.00 sec
----------------------------------------------------------
Test Pass Reason:
Required regular expression found.Regex=[0 is 0
]
"add0_0" end time: Jan 09 18:00 CST
"add0_0" time elapsed: 00:00:00
----------------------------------------------------------

3/4 Testing: add1_-1
3/4 Test: add1_-1
Command: "/Users/rubin/practice/cmake/section8/build/add" "1" "-1"
Directory: /Users/rubin/practice/cmake/section8/build
"add1_-1" start time: Jan 09 18:00 CST
Output:
----------------------------------------------------------
1 and -1 is 0
<end of output>
Test time =   0.00 sec
----------------------------------------------------------
Test Pass Reason:
Required regular expression found.Regex=[is 0
]
"add1_-1" end time: Jan 09 18:00 CST
"add1_-1" time elapsed: 00:00:00
----------------------------------------------------------

4/4 Testing: add1_-11
4/4 Test: add1_-11
Command: "/Users/rubin/practice/cmake/section8/build/add" "1" "-11"
Directory: /Users/rubin/practice/cmake/section8/build
"add1_-11" start time: Jan 09 18:00 CST
Output:
----------------------------------------------------------
1 and -11 is -10
<end of output>
Test time =   0.00 sec
----------------------------------------------------------
Test Fail Reason:
Required regular expression not found.Regex=[1 and -11 is 0
]
"add1_-11" end time: Jan 09 18:00 CST
"add1_-11" time elapsed: 00:00:00
----------------------------------------------------------

End testing: Jan 09 18:00 CST
